[08:11:31] [ServerMain/INFO]: Building unoptimized datafixer
[08:11:33] [ServerMain/INFO]: Environment: authHost='https://authserver.mojang.com', accountsHost='https://api.mojang.com', sessionHost='https://sessionserver.mojang.com', servicesHost='https://api.minecraftservices.com', name='PROD'
[08:11:35] [ServerMain/INFO]: Loaded 7 recipes
[08:11:35] [ServerMain/INFO]: Loaded 1179 advancements
[08:11:37] [ServerMain/WARN]: Failed to parse level-type default, defaulting to minecraft:normal
[08:11:37] [Server thread/INFO]: Starting minecraft server version 1.19
[08:11:37] [Server thread/INFO]: Loading properties
[08:11:37] [Server thread/INFO]: Default game type: SURVIVAL
[08:11:37] [Server thread/INFO]: Generating keypair
[08:11:37] [Server thread/INFO]: Starting Minecraft server on *:25565
[08:11:37] [Server thread/INFO]: Using epoll channel type
[08:11:37] [Server thread/INFO]: Preparing level "world"
[08:11:39] [User Authenticator #1/INFO]: UUID of player TevesWang is 82292eaf-67cd-47d0-b34b-f8726fc00360
[08:11:56] [Server thread/INFO]: Preparing start region for dimension minecraft:overworld
[08:12:01] [Worker-Main-1/INFO]: Preparing spawn area: 0%
[08:12:02] [Worker-Main-1/INFO]: Preparing spawn area: 0%
[08:12:02] [Worker-Main-1/INFO]: Preparing spawn area: 0%
[08:12:02] [Worker-Main-1/INFO]: Preparing spawn area: 0%
[08:12:02] [Worker-Main-1/INFO]: Preparing spawn area: 0%
[08:12:02] [Worker-Main-1/INFO]: Preparing spawn area: 0%
[08:12:02] [Worker-Main-1/INFO]: Preparing spawn area: 0%
[08:12:02] [Worker-Main-1/INFO]: Preparing spawn area: 0%
[08:12:02] [Worker-Main-1/INFO]: Preparing spawn area: 0%
[08:12:02] [Worker-Main-1/INFO]: Preparing spawn area: 0%
[08:12:02] [Worker-Main-1/INFO]: Preparing spawn area: 0%
[08:12:02] [Worker-Main-1/INFO]: Preparing spawn area: 0%
[08:12:02] [Worker-Main-1/INFO]: Preparing spawn area: 0%
[08:12:03] [Worker-Main-1/INFO]: Preparing spawn area: 0%
[08:12:03] [Worker-Main-1/INFO]: Preparing spawn area: 0%
[08:12:04] [Worker-Main-1/INFO]: Preparing spawn area: 0%
[08:12:05] [Worker-Main-1/INFO]: Preparing spawn area: 6%
[08:12:05] [Server thread/INFO]: Time elapsed: 8722 ms
[08:12:05] [Server thread/INFO]: Done (27.898s)! For help, type "help"
[08:12:06] [Server thread/INFO]: TevesWang[/67.171.53.216:50766] logged in with entity id 85 at (-79.69638810241068, 219.0, -60.40468873372173)
[08:12:06] [Server thread/INFO]: TevesWang joined the game
[08:12:08] [Server thread/WARN]: Can't keep up! Is the server overloaded? Running 3062ms or 61 ticks behind
[10:22:28] [Server thread/WARN]: Can't keep up! Is the server overloaded? Running 2086ms or 41 ticks behind
[11:56:24] [Server thread/WARN]: Can't keep up! Is the server overloaded? Running 2697ms or 53 ticks behind
[12:10:47] [Server thread/INFO]: [TevesWang: Set own game mode to Creative Mode]
[12:22:54] [Server thread/INFO]: [TevesWang: Set own game mode to Survival Mode]
[12:23:20] [Server thread/INFO]: [TevesWang: Set own game mode to Creative Mode]
[12:23:40] [Server thread/INFO]: [TevesWang: Set own game mode to Survival Mode]
[12:24:00] [Server thread/INFO]: [TevesWang: Set own game mode to Creative Mode]
[12:24:43] [Server thread/INFO]: [TevesWang: Set own game mode to Survival Mode]
[12:48:18] [Server thread/WARN]: Can't keep up! Is the server overloaded? Running 2004ms or 40 ticks behind
[13:10:16] [Server thread/INFO]: [TevesWang: Set own game mode to Creative Mode]
[13:10:41] [Server thread/INFO]: [TevesWang: Set own game mode to Survival Mode]
[13:10:53] [Server thread/INFO]: [TevesWang: Set own game mode to Creative Mode]
[13:26:13] [Server thread/INFO]: TevesWang lost connection: Disconnected
[13:26:13] [Server thread/INFO]: TevesWang left the game
[13:33:02] [Server thread/INFO]: <Server> Server shutting down (closing by the system service)
[13:33:02] [Server thread/INFO]: Saving the game (this may take a moment!)
[13:33:02] [Server thread/INFO]: Saved the game
[13:33:12] [Server thread/INFO]: Stopping the server
[13:33:12] [Server thread/INFO]: Stopping server
[13:33:12] [Server thread/INFO]: Saving players
[13:33:12] [Server thread/INFO]: Saving worlds
[13:33:13] [Server thread/INFO]: Saving chunks for level 'ServerLevel[world]'/minecraft:overworld
[13:33:13] [Server thread/INFO]: Saving chunks for level 'ServerLevel[world]'/minecraft:the_end
[13:33:13] [Server thread/INFO]: Saving chunks for level 'ServerLevel[world]'/minecraft:the_nether
[13:33:13] [Server thread/INFO]: ThreadedAnvilChunkStorage (world): All chunks are saved
[13:33:13] [Server thread/INFO]: ThreadedAnvilChunkStorage (DIM1): All chunks are saved
[13:33:13] [Server thread/INFO]: ThreadedAnvilChunkStorage (DIM-1): All chunks are saved
[13:33:13] [Server thread/INFO]: ThreadedAnvilChunkStorage: All dimensions are saved
